2016-10-04T19:40:12.169Z - normal: Load ~/.CocosCreator/settings.json
2016-10-04T19:40:12.184Z - normal: checking language setting...
2016-10-04T19:40:12.184Z - normal: Language: en
2016-10-04T19:40:13.306Z - success: protocol editor-framework registered
2016-10-04T19:40:13.306Z - success: protocol app registered
2016-10-04T19:40:13.306Z - success: protocol packages registered
2016-10-04T19:40:13.306Z - success: protocol theme registered
2016-10-04T19:40:13.306Z - success: protocol unpack registerred
2016-10-04T19:40:14.960Z - normal: connected!
2016-10-04T19:40:14.963Z - normal: Check project E:\Projects\BMMP-UpHill
2016-10-04T19:40:14.963Z - normal: Initializing Cocos Creator Editor
2016-10-04T19:40:15.963Z - normal: Initializing Cocos2d
2016-10-04T19:40:17.971Z - normal: Initializing Asset Database
2016-10-04T19:40:18.049Z - success: protocol uuid registerred
2016-10-04T19:40:18.049Z - success: protocol db registerred
2016-10-04T19:40:18.049Z - success: protocol thumbnail registerred
2016-10-04T19:40:18.049Z - normal: Loading editor/builtin packages
2016-10-04T19:40:18.272Z - success: assets loaded
2016-10-04T19:40:18.287Z - success: builder loaded
2016-10-04T19:40:18.287Z - success: hierarchy loaded
2016-10-04T19:40:18.287Z - success: inspector loaded
2016-10-04T19:40:18.303Z - success: keystore loaded
2016-10-04T19:40:18.303Z - success: node-library loaded
2016-10-04T19:40:18.303Z - success: preferences loaded
2016-10-04T19:40:18.334Z - success: project-importer loaded
2016-10-04T19:40:18.334Z - success: project-settings loaded
2016-10-04T19:40:18.334Z - success: ui-kit loaded
2016-10-04T19:40:18.350Z - success: ui-grid loaded
2016-10-04T19:40:18.372Z - success: scene loaded
2016-10-04T19:40:18.372Z - success: sprite-editor loaded
2016-10-04T19:40:18.372Z - success: timeline loaded
2016-10-04T19:40:18.372Z - normal: Loading builtin packages
2016-10-04T19:40:18.388Z - success: asset-db-debugger loaded
2016-10-04T19:40:18.388Z - success: cocos-package loaded
2016-10-04T19:40:18.388Z - success: code-editor loaded
2016-10-04T19:40:18.403Z - success: color-picker loaded
2016-10-04T19:40:18.403Z - success: console loaded
2016-10-04T19:40:18.419Z - success: package-manager loaded
2016-10-04T19:40:18.419Z - success: tester loaded
2016-10-04T19:40:18.419Z - success: ui-kit-preview-extra loaded
2016-10-04T19:40:18.419Z - success: ui-kit-preview loaded
2016-10-04T19:40:18.435Z - success: ui-tree loaded
2016-10-04T19:40:18.519Z - normal: Initializing project E:\Projects\BMMP-UpHill
2016-10-04T19:40:18.535Z - normal: Loading packages
2016-10-04T19:40:18.535Z - normal: Run Application
2016-10-04T19:40:20.775Z - success: preview server running at http://localhost:7456
2016-10-04T19:40:28.894Z - normal: 1.2.1-rc.1
2016-10-04T20:05:07.634Z - normal: Compiled successfully
2016-10-04T20:05:11.940Z - normal: Compiled successfully
2016-10-04T20:05:15.839Z - normal: Compiled successfully
2016-10-04T20:05:57.255Z - normal: Compiled successfully
2016-10-04T20:09:09.682Z - normal: Compiled successfully
2016-10-04T20:10:05.946Z - normal: Compiled successfully
2016-10-04T20:11:34.682Z - normal: Compiled successfully
2016-10-04T20:14:21.163Z - normal: Compiled successfully
2016-10-04T20:14:25.419Z - normal: Compiled successfully
2016-10-04T20:21:59.259Z - normal: Compiled successfully
2016-10-04T20:22:03.364Z - normal: Compiled successfully
2016-10-04T20:22:07.345Z - normal: Compiled successfully
2016-10-04T20:32:33.647Z - normal: Compiled successfully
2016-10-04T20:32:37.709Z - normal: Compiled successfully
2016-10-04T20:37:56.613Z - normal: Compiled successfully
2016-10-04T20:38:00.816Z - normal: Compiled successfully
2016-10-04T20:42:03.879Z - normal: Compiled successfully
2016-10-04T20:43:08.303Z - normal: Compiled successfully
2016-10-04T20:50:47.573Z - normal: Compiled successfully
